<?xml version="1.0" encoding="UTF-8"?>
<testng-results ignored="0" total="1" passed="1" failed="0" skipped="0">
  <reporter-output>
  </reporter-output>
  <suite started-at="2025-01-19T11:38:48 IST" name="Default suite" finished-at="2025-01-19T11:39:12 IST" duration-ms="24172">
    <groups>
    </groups>
    <test started-at="2025-01-19T11:38:48 IST" name="Default test" finished-at="2025-01-19T11:39:12 IST" duration-ms="24172">
      <class name="seleniumAssignments.Module3Assignment">
        <test-method is-config="true" signature="initialization()[pri:0, instance:seleniumAssignments.Module3Assignment@28701274]" started-at="2025-01-19T11:38:48 IST" name="initialization" finished-at="2025-01-19T11:39:11 IST" duration-ms="23113" status="PASS">
          <reporter-output>
          </reporter-output>
        </test-method> <!-- initialization -->
        <test-method signature="login(java.lang.String,java.lang.String)[pri:0, instance:seleniumAssignments.Module3Assignment@28701274]" started-at="2025-01-19T11:39:11 IST" name="login" data-provider="loginData" finished-at="2025-01-19T11:39:12 IST" duration-ms="387" status="PASS">
          <params>
            <param index="0">
              <value>
                <![CDATA[test1@gmail.com]]>
              </value>
            </param>
            <param index="1">
              <value>
                <![CDATA[password1]]>
              </value>
            </param>
          </params>
          <reporter-output>
          </reporter-output>
        </test-method> <!-- login -->
        <test-method is-config="true" signature="applicationClose()[pri:0, instance:seleniumAssignments.Module3Assignment@28701274]" started-at="2025-01-19T11:39:12 IST" name="applicationClose" finished-at="2025-01-19T11:39:12 IST" duration-ms="593" status="PASS">
          <reporter-output>
          </reporter-output>
        </test-method> <!-- applicationClose -->
      </class> <!-- seleniumAssignments.Module3Assignment -->
    </test> <!-- Default test -->
  </suite> <!-- Default suite -->
</testng-results>
